
Showing logs for build [32msalaboy-demo-conference-c4p-mas-1[0m stage [32mfrom-build-pack[0m and container [32mstep-credential-initializer-44vdz[0m
{"level":"warn","ts":1572971533.09144,"logger":"fallback-logger","caller":"logging/config.go:69","msg":"Fetch GitHub commit ID from kodata failed: \"ref: refs/heads/master\" is not a valid GitHub commit ID"}
{"level":"info","ts":1572971533.092102,"logger":"fallback-logger","caller":"creds-init/main.go:40","msg":"Credentials initialized."}

Showing logs for build [32msalaboy-demo-conference-c4p-mas-1[0m stage [32mfrom-build-pack[0m and container [32mstep-working-dir-initializer-dlsqv[0m
{"level":"warn","ts":1572971534.1362028,"logger":"fallback-logger","caller":"logging/config.go:69","msg":"Fetch GitHub commit ID from kodata failed: open /var/run/ko/HEAD: no such file or directory"}
{"level":"info","ts":1572971534.141276,"logger":"fallback-logger","caller":"bash/main.go:65","msg":"Successfully executed command \"mkdir -p /workspace/source\""}

Showing logs for build [32msalaboy-demo-conference-c4p-mas-1[0m stage [32mfrom-build-pack[0m and container [32mstep-place-tools[0m

Showing logs for build [32msalaboy-demo-conference-c4p-mas-1[0m stage [32mfrom-build-pack[0m and container [32mstep-git-source-salaboy-demo-conference-c4p-mas-9zzck[0m
{"level":"warn","ts":1572971546.2244675,"logger":"fallback-logger","caller":"logging/config.go:69","msg":"Fetch GitHub commit ID from kodata failed: \"ref: refs/heads/master\" is not a valid GitHub commit ID"}
{"level":"info","ts":1572971547.5166225,"logger":"fallback-logger","caller":"git/git.go:102","msg":"Successfully cloned https://github.com/*******/demo-conference-c4p.git @ v0.0.42 in path /workspace/source"}

Showing logs for build [32msalaboy-demo-conference-c4p-mas-1[0m stage [32mfrom-build-pack[0m and container [32mstep-git-merge[0m
Using SHAs from PULL_REFS=master:6ab633b338aadbadee72f2c2172ba09746afb464
WARNING: no SHAs to merge, falling back to initial cloned commit

Showing logs for build [32msalaboy-demo-conference-c4p-mas-1[0m stage [32mfrom-build-pack[0m and container [32mstep-setup-jx-git-credentials[0m
Generated Git credentials file /workspace/xdg_config/git/credentials

Showing logs for build [32msalaboy-demo-conference-c4p-mas-1[0m stage [32mfrom-build-pack[0m and container [32mstep-build-mvn-deploy[0m
Picked up _JAVA_OPTIONS: -XX:+UnlockExperimentalVMOptions -XX:+UseCGroupMemoryLimitForHeap -Dsun.zip.disableMemoryMapping=true -XX:+UseParallelGC -XX:MinHeapFreeRatio=5 -XX:MaxHeapFreeRatio=10 -XX:GCTimeRatio=4 -XX:AdaptiveSizePolicyWeight=90 -Xms10m -Xmx192m
OpenJDK 64-Bit Server VM warning: If the number of processors is expected to increase from one, then you should configure the number of parallel GC threads appropriately using -XX:ParallelGCThreads=N
[INFO] Scanning for projects...
[INFO] 
[INFO] ---------------< com.*******.conferences:conference-c4p >---------------
[INFO] Building Conference C4P Service 0.0.42
[INFO] --------------------------------[ jar ]---------------------------------
[INFO] 
[INFO] --- maven-clean-plugin:3.1.0:clean (default-clean) @ conference-c4p ---
[INFO] 
[INFO] --- maven-resources-plugin:3.1.0:resources (default-resources) @ conference-c4p ---
[INFO] Using 'UTF-8' encoding to copy filtered resources.
[INFO] Copying 1 resource
[INFO] Copying 1 resource
[INFO] 
[INFO] --- maven-compiler-plugin:3.8.1:compile (default-compile) @ conference-c4p ---
[INFO] Changes detected - recompiling the module!
[INFO] Compiling 5 source files to /workspace/source/target/classes
[INFO] 
[INFO] --- maven-resources-plugin:3.1.0:testResources (default-testResources) @ conference-c4p ---
[INFO] Using 'UTF-8' encoding to copy filtered resources.
[INFO] skip non existing resourceDirectory /workspace/source/src/test/resources
[INFO] 
[INFO] --- maven-compiler-plugin:3.8.1:testCompile (default-testCompile) @ conference-c4p ---
[INFO] No sources to compile
[INFO] 
[INFO] --- maven-surefire-plugin:3.0.0-M1:test (default-test) @ conference-c4p ---
[INFO] No tests to run.
[INFO] 
[INFO] --- maven-jar-plugin:3.1.2:jar (default-jar) @ conference-c4p ---
[INFO] Building jar: /workspace/source/target/conference-c4p-0.0.42.jar
[INFO] 
[INFO] --- spring-boot-maven-plugin:2.1.9.RELEASE:repackage (repackage) @ conference-c4p ---
[INFO] Replacing main artifact with repackaged archive
[INFO] 
[INFO] --- maven-install-plugin:2.5.2:install (default-install) @ conference-c4p ---
[INFO] Installing /workspace/source/target/conference-c4p-0.0.42.jar to /home/jenkins/.mvnrepository/com/*******/conferences/conference-c4p/0.0.42/conference-c4p-0.0.42.jar
[INFO] Installing /workspace/source/pom.xml to /home/jenkins/.mvnrepository/com/*******/conferences/conference-c4p/0.0.42/conference-c4p-0.0.42.pom
[INFO] 
[INFO] --- maven-deploy-plugin:2.8.2:deploy (default-deploy) @ conference-c4p ---
[INFO] Using alternate deployment repository local-nexus::default::http://nexus/repository/maven-releases/
[INFO] ------------------------------------------------------------------------
[INFO] BUILD SUCCESS
[INFO] ------------------------------------------------------------------------
[INFO] Total time:  22.653 s
[INFO] Finished at: 2019-11-05T16:32:54Z
[INFO] ------------------------------------------------------------------------

Showing logs for build [32msalaboy-demo-conference-c4p-mas-1[0m stage [32mfrom-build-pack[0m and container [32mstep-build-skaffold-version[0m
v0.38.0

Showing logs for build [32msalaboy-demo-conference-c4p-mas-1[0m stage [32mfrom-build-pack[0m and container [32mstep-build-container-build[0m
[36mINFO[0m[0000] Downloading base image openjdk:11-jre-slim   
ERROR: logging before flag.Parse: E1105 16:32:55.853619       9 metadata.go:142] while reading 'google-dockercfg' metadata: http status code: 404 while fetching url http://metadata.google.internal./computeMetadata/v1/instance/attributes/google-dockercfg
ERROR: logging before flag.Parse: E1105 16:32:55.857486       9 metadata.go:159] while reading 'google-dockercfg-url' metadata: http status code: 404 while fetching url http://metadata.google.internal./computeMetadata/v1/instance/attributes/google-dockercfg-url
2019/11/05 16:32:55 No matching credentials were found, falling back on anonymous
[36mINFO[0m[0001] Error while retrieving image from cache: getting file info: stat /workspace/sha256:9618813d88b3d3570c0a8448e81f3a1b3fb6fecf15466089c82547e31119b397: no such file or directory 
[36mINFO[0m[0001] Downloading base image openjdk:11-jre-slim   
2019/11/05 16:32:57 No matching credentials were found, falling back on anonymous
[36mINFO[0m[0002] cmd: EXPOSE                                  
[36mINFO[0m[0002] Adding exposed port: 8080/tcp                
[36mINFO[0m[0002] Using files from context: [/workspace/source/pom.xml] 
[36mINFO[0m[0002] Using files from context: [/workspace/source/target/conference-c4p-0.0.42.jar] 
[36mINFO[0m[0002] Skipping unpacking as no commands require it. 
[36mINFO[0m[0002] Taking snapshot of full filesystem...        
[36mINFO[0m[0002] ENV PORT 8080                                
[36mINFO[0m[0002] No files changed in this command, skipping snapshotting. 
[36mINFO[0m[0002] ENV CLASSPATH /opt/lib                       
[36mINFO[0m[0002] No files changed in this command, skipping snapshotting. 
[36mINFO[0m[0002] EXPOSE 8080                                  
[36mINFO[0m[0002] cmd: EXPOSE                                  
[36mINFO[0m[0002] Adding exposed port: 8080/tcp                
[36mINFO[0m[0002] No files changed in this command, skipping snapshotting. 
[36mINFO[0m[0002] Using files from context: [/workspace/source/pom.xml] 
[36mINFO[0m[0002] COPY pom.xml target/lib* /opt/lib/           
[36mINFO[0m[0002] Taking snapshot of files...                  
[36mINFO[0m[0002] Using files from context: [/workspace/source/target/conference-c4p-0.0.42.jar] 
[36mINFO[0m[0002] COPY target/*.jar /opt/app.jar               
[36mINFO[0m[0002] Taking snapshot of files...                  
[36mINFO[0m[0003] WORKDIR /opt                                 
[36mINFO[0m[0003] cmd: workdir                                 
[36mINFO[0m[0003] Changed working directory to /opt            
[36mINFO[0m[0003] No files changed in this command, skipping snapshotting. 
[36mINFO[0m[0003] CMD ["java", "-jar", "app.jar"]              
[36mINFO[0m[0003] No files changed in this command, skipping snapshotting. 
2019/11/05 16:32:59 existing blob: sha256:8df48a2d4467c539344ccd628b4488b9cfec57321517929f1226eaaec11302ee
2019/11/05 16:32:59 existing blob: sha256:8d691f585fa8cec0eba196be460cfaffd69939782d6162986c3e0c5225d54f02
2019/11/05 16:32:59 existing blob: sha256:e22147996cc08e68d0fa4d4ef9a441eaeef283ff4a2c64d1ef5e31340db246be
2019/11/05 16:32:59 existing blob: sha256:3da6fe7ff2ef0f58119eb2e8cb12c5c0b471527be95d43274b396f36fc5bbccd
2019/11/05 16:33:02 pushed blob: sha256:c03390930807e9f93bd9628e90febd239fd52e570e1d86d8c9a200dc33987139
2019/11/05 16:33:03 pushed blob: sha256:40cce847ce72d59068b6a1c79dd13ecd2fafcdf0114d351e62f627e92cb5311c
2019/11/05 16:33:04 pushed blob: sha256:90deafc188789f47829f0ddf7258ef76f710f24418d050f394e6269b54d36246
2019/11/05 16:33:05 gcr.io/camunda-consulting-de/demo-conference-c4p:0.0.42: digest: sha256:3a59317613129fb883667259dcf0dfeeec92ca2424080c11e387144aceb08843 size: 1243

Showing logs for build [32msalaboy-demo-conference-c4p-mas-1[0m stage [32mfrom-build-pack[0m and container [32mstep-build-post-build[0m
no CVE provider running in the current ** namespace so skip adding image to be analysed

Showing logs for build [32msalaboy-demo-conference-c4p-mas-1[0m stage [32mfrom-build-pack[0m and container [32mstep-promote-changelog[0m
Converted /workspace/source/charts/demo-conference-c4p to an unshallow repository
Generating change log from git ref 4be762fc845c849a5dcac3e719a4d0911994a506 => 2123ff758c3db033fe68d6c5ab48251738f32a4f
WARNING: No release found for *******/demo-conference-c4p and tag v0.0.42 so creating a new release
Updated the release information at https://github.com/*******/demo-conference-c4p/releases/tag/v0.0.42
generated: /workspace/source/charts/demo-conference-c4p/templates/release.yaml
Created Release demo-conference-c4p-0-0-42 resource in namespace **
Updating PipelineActivity *******-demo-conference-c4p-master-1 with version 0.0.42
Updated PipelineActivities *******-demo-conference-c4p-master-1 with release notes URL: https://github.com/*******/demo-conference-c4p/releases/tag/v0.0.42

Showing logs for build [32msalaboy-demo-conference-c4p-mas-1[0m stage [32mfrom-build-pack[0m and container [32mstep-promote-helm-release[0m
WARNING: No $CHART_REPOSITORY defined so using the default value of: http://jenkins-x-chartmuseum:8080
Adding missing Helm repo: storage.googleapis.com https://storage.googleapis.com/chartmuseum.jenkins-x.io
Successfully added Helm repository storage.googleapis.com.
Adding missing Helm repo: jenkins-x-chartmuseum http://jenkins-x-chartmuseum:8080
Successfully added Helm repository jenkins-x-chartmuseum.
WARNING: No $CHART_REPOSITORY defined so using the default value of: http://jenkins-x-chartmuseum:8080
Uploading chart file demo-conference-c4p-0.0.42.tgz to http://jenkins-x-chartmuseum:8080/api/charts
Received 201 response: {"saved":true}

Showing logs for build [32msalaboy-demo-conference-c4p-mas-1[0m stage [32mfrom-build-pack[0m and container [32mstep-promote-jx-promote[0m
WARNING: prow based install so skip waiting for the merge of Pull Requests to go green as currently there is an issue with gettingstatuses from the PR, see https://github.com/jenkins-x/**/issues/2410
Promoting app demo-conference-c4p version 0.0.42 to namespace **-staging
Created Pull Request: https://github.com/*******/environment-soujava-**-staging/pull/6
Added label updatebot to Pull Request https://github.com/*******/environment-soujava-**-staging/pull/6
WARNING: Failed to query the Pull Request last commit status for https://github.com/*******/environment-soujava-**-staging/pull/6 ref 36f506eb2f800e4db35ff87cb8a1b202d53fbd42 Could not find a status for repository *******/environment-soujava-**-staging with ref 36f506eb2f800e4db35ff87cb8a1b202d53fbd42
WARNING: Failed to query the Pull Request last commit status for https://github.com/*******/environment-soujava-**-staging/pull/6 ref 36f506eb2f800e4db35ff87cb8a1b202d53fbd42 Could not find a status for repository *******/environment-soujava-**-staging with ref 36f506eb2f800e4db35ff87cb8a1b202d53fbd42
WARNING: Failed to query the Pull Request last commit status for https://github.com/*******/environment-soujava-**-staging/pull/6 ref 36f506eb2f800e4db35ff87cb8a1b202d53fbd42 Could not find a status for repository *******/environment-soujava-**-staging with ref 36f506eb2f800e4db35ff87cb8a1b202d53fbd42
WARNING: Failed to query the Pull Request last commit status for https://github.com/*******/environment-soujava-**-staging/pull/6 ref 36f506eb2f800e4db35ff87cb8a1b202d53fbd42 Could not find a status for repository *******/environment-soujava-**-staging with ref 36f506eb2f800e4db35ff87cb8a1b202d53fbd42
WARNING: Failed to query the Pull Request last commit status for https://github.com/*******/environment-soujava-**-staging/pull/6 ref 36f506eb2f800e4db35ff87cb8a1b202d53fbd42 Could not find a status for repository *******/environment-soujava-**-staging with ref 36f506eb2f800e4db35ff87cb8a1b202d53fbd42
WARNING: Failed to query the Pull Request last commit status for https://github.com/*******/environment-soujava-**-staging/pull/6 ref 36f506eb2f800e4db35ff87cb8a1b202d53fbd42 Could not find a status for repository *******/environment-soujava-**-staging with ref 36f506eb2f800e4db35ff87cb8a1b202d53fbd42
WARNING: Failed to query the Pull Request last commit status for https://github.com/*******/environment-soujava-**-staging/pull/6 ref 36f506eb2f800e4db35ff87cb8a1b202d53fbd42 Could not find a status for repository *******/environment-soujava-**-staging with ref 36f506eb2f800e4db35ff87cb8a1b202d53fbd42
WARNING: Failed to query the Pull Request last commit status for https://github.com/*******/environment-soujava-**-staging/pull/6 ref 36f506eb2f800e4db35ff87cb8a1b202d53fbd42 Could not find a status for repository *******/environment-soujava-**-staging with ref 36f506eb2f800e4db35ff87cb8a1b202d53fbd42
WARNING: Failed to query the Pull Request last commit status for https://github.com/*******/environment-soujava-**-staging/pull/6 ref 36f506eb2f800e4db35ff87cb8a1b202d53fbd42 Could not find a status for repository *******/environment-soujava-**-staging with ref 36f506eb2f800e4db35ff87cb8a1b202d53fbd42
WARNING: Failed to query the Pull Request last commit status for https://github.com/*******/environment-soujava-**-staging/pull/6 ref 36f506eb2f800e4db35ff87cb8a1b202d53fbd42 Could not find a status for repository *******/environment-soujava-**-staging with ref 36f506eb2f800e4db35ff87cb8a1b202d53fbd42
WARNING: Failed to query the Pull Request last commit status for https://github.com/*******/environment-soujava-**-staging/pull/6 ref 36f506eb2f800e4db35ff87cb8a1b202d53fbd42 Could not find a status for repository *******/environment-soujava-**-staging with ref 36f506eb2f800e4db35ff87cb8a1b202d53fbd42
WARNING: Failed to query the Pull Request last commit status for https://github.com/*******/environment-soujava-**-staging/pull/6 ref 36f506eb2f800e4db35ff87cb8a1b202d53fbd42 Could not find a status for repository *******/environment-soujava-**-staging with ref 36f506eb2f800e4db35ff87cb8a1b202d53fbd42
WARNING: Failed to query the Pull Request last commit status for https://github.com/*******/environment-soujava-**-staging/pull/6 ref 36f506eb2f800e4db35ff87cb8a1b202d53fbd42 Could not find a status for repository *******/environment-soujava-**-staging with ref 36f506eb2f800e4db35ff87cb8a1b202d53fbd42
WARNING: Failed to query the Pull Request last commit status for https://github.com/*******/environment-soujava-**-staging/pull/6 ref 36f506eb2f800e4db35ff87cb8a1b202d53fbd42 Could not find a status for repository *******/environment-soujava-**-staging with ref 36f506eb2f800e4db35ff87cb8a1b202d53fbd42
WARNING: Failed to query the Pull Request last commit status for https://github.com/*******/environment-soujava-**-staging/pull/6 ref 36f506eb2f800e4db35ff87cb8a1b202d53fbd42 Could not find a status for repository *******/environment-soujava-**-staging with ref 36f506eb2f800e4db35ff87cb8a1b202d53fbd42
WARNING: Failed to query the Pull Request last commit status for https://github.com/*******/environment-soujava-**-staging/pull/6 ref 36f506eb2f800e4db35ff87cb8a1b202d53fbd42 Could not find a status for repository *******/environment-soujava-**-staging with ref 36f506eb2f800e4db35ff87cb8a1b202d53fbd42
WARNING: Failed to query the Pull Request last commit status for https://github.com/*******/environment-soujava-**-staging/pull/6 ref 36f506eb2f800e4db35ff87cb8a1b202d53fbd42 Could not find a status for repository *******/environment-soujava-**-staging with ref 36f506eb2f800e4db35ff87cb8a1b202d53fbd42
WARNING: Failed to query the Pull Request last commit status for https://github.com/*******/environment-soujava-**-staging/pull/6 ref 36f506eb2f800e4db35ff87cb8a1b202d53fbd42 Could not find a status for repository *******/environment-soujava-**-staging with ref 36f506eb2f800e4db35ff87cb8a1b202d53fbd42
WARNING: Failed to query the Pull Request last commit status for https://github.com/*******/environment-soujava-**-staging/pull/6 ref 36f506eb2f800e4db35ff87cb8a1b202d53fbd42 Could not find a status for repository *******/environment-soujava-**-staging with ref 36f506eb2f800e4db35ff87cb8a1b202d53fbd42
WARNING: Failed to query the Pull Request last commit status for https://github.com/*******/environment-soujava-**-staging/pull/6 ref 36f506eb2f800e4db35ff87cb8a1b202d53fbd42 Could not find a status for repository *******/environment-soujava-**-staging with ref 36f506eb2f800e4db35ff87cb8a1b202d53fbd42
got git provider status pending from PR https://github.com/*******/environment-soujava-**-staging/pull/6
got git provider status pending from PR https://github.com/*******/environment-soujava-**-staging/pull/6
got git provider status pending from PR https://github.com/*******/environment-soujava-**-staging/pull/6
got git provider status pending from PR https://github.com/*******/environment-soujava-**-staging/pull/6
got git provider status pending from PR https://github.com/*******/environment-soujava-**-staging/pull/6
Pull Request https://github.com/*******/environment-soujava-**-staging/pull/6 is merged at sha d09b0b4b2d991d36091f6902f32c3085b8d74253
Pull Request merged but we are not waiting for the update pipeline to complete!
WARNING: Could not find the service URL in namespace **-staging for names demo-conference-c4p, **-demo-conference-c4p, **-staging-demo-conference-c4p
