
Showing logs for build [32msalaboy-demo-conference-c4p-mas-zp8vn-11[0m stage [32mfrom-build-pack[0m and container [32mstep-credential-initializer-x5rwl[0m
{"level":"warn","ts":1574694825.5931015,"logger":"fallback-logger","caller":"logging/config.go:69","msg":"Fetch GitHub commit ID from kodata failed: \"ref: refs/heads/master\" is not a valid GitHub commit ID"}
{"level":"info","ts":1574694825.5939243,"logger":"fallback-logger","caller":"creds-init/main.go:40","msg":"Credentials initialized."}

Showing logs for build [32msalaboy-demo-conference-c4p-mas-zp8vn-11[0m stage [32mfrom-build-pack[0m and container [32mstep-working-dir-initializer-2tc57[0m
{"level":"warn","ts":1574694827.0152044,"logger":"fallback-logger","caller":"logging/config.go:69","msg":"Fetch GitHub commit ID from kodata failed: open /var/run/ko/HEAD: no such file or directory"}
{"level":"info","ts":1574694827.0172331,"logger":"fallback-logger","caller":"bash/main.go:65","msg":"Successfully executed command \"mkdir -p /workspace/source\""}

Showing logs for build [32msalaboy-demo-conference-c4p-mas-zp8vn-11[0m stage [32mfrom-build-pack[0m and container [32mstep-place-tools[0m

Showing logs for build [32msalaboy-demo-conference-c4p-mas-zp8vn-11[0m stage [32mfrom-build-pack[0m and container [32mstep-git-source-salaboy-demo-conference-c4p-mas-wzxp5[0m
{"level":"warn","ts":1574694835.258819,"logger":"fallback-logger","caller":"logging/config.go:69","msg":"Fetch GitHub commit ID from kodata failed: \"ref: refs/heads/master\" is not a valid GitHub commit ID"}
{"level":"info","ts":1574694836.6018121,"logger":"fallback-logger","caller":"git/git.go:102","msg":"Successfully cloned https://github.com/*******/demo-conference-c4p.git @ v0.0.54 in path /workspace/source"}

Showing logs for build [32msalaboy-demo-conference-c4p-mas-zp8vn-11[0m stage [32mfrom-build-pack[0m and container [32mstep-git-merge[0m
Using SHAs from PULL_REFS=master:01e25f1ebcff9891775d8aacee681ec65b8750b7
WARNING: no SHAs to merge, falling back to initial cloned commit

Showing logs for build [32msalaboy-demo-conference-c4p-mas-zp8vn-11[0m stage [32mfrom-build-pack[0m and container [32mstep-setup-jx-git-credentials[0m
Generated Git credentials file /workspace/xdg_config/git/credentials

Showing logs for build [32msalaboy-demo-conference-c4p-mas-zp8vn-11[0m stage [32mfrom-build-pack[0m and container [32mstep-build-mvn-deploy[0m
Picked up _JAVA_OPTIONS: -XX:+UnlockExperimentalVMOptions -XX:+UseCGroupMemoryLimitForHeap -Dsun.zip.disableMemoryMapping=true -XX:+UseParallelGC -XX:MinHeapFreeRatio=5 -XX:MaxHeapFreeRatio=10 -XX:GCTimeRatio=4 -XX:AdaptiveSizePolicyWeight=90 -Xms10m -Xmx192m
OpenJDK 64-Bit Server VM warning: If the number of processors is expected to increase from one, then you should configure the number of parallel GC threads appropriately using -XX:ParallelGCThreads=N
[INFO] Scanning for projects...
[INFO] 
[INFO] ---------------< com.*******.conferences:conference-c4p >---------------
[INFO] Building Conference C4P Service 0.0.54
[INFO] --------------------------------[ jar ]---------------------------------
[INFO] 
[INFO] --- maven-clean-plugin:3.1.0:clean (default-clean) @ conference-c4p ---
[INFO] 
[INFO] --- maven-resources-plugin:3.1.0:resources (default-resources) @ conference-c4p ---
[INFO] Using 'UTF-8' encoding to copy filtered resources.
[INFO] Copying 1 resource
[INFO] Copying 1 resource
[INFO] 
[INFO] --- maven-compiler-plugin:3.8.1:compile (default-compile) @ conference-c4p ---
[INFO] Changes detected - recompiling the module!
[INFO] Compiling 5 source files to /workspace/source/target/classes
[INFO] -------------------------------------------------------------
[ERROR] COMPILATION ERROR : 
[INFO] -------------------------------------------------------------
[ERROR] /workspace/source/src/main/java/com/*******/conferences/c4p/DemoApplication.java:[7,30] cannot access io.zeebe.spring.client.EnableZeebeClient
  bad class file: /home/jenkins/.mvnrepository/io/zeebe/spring/spring-zeebe/0.7.0/spring-zeebe-0.7.0.jar(io/zeebe/spring/client/EnableZeebeClient.class)
    class file has wrong version 55.0, should be 52.0
    Please remove or make sure it appears in the correct subdirectory of the classpath.
[INFO] 1 error
[INFO] -------------------------------------------------------------
[INFO] ------------------------------------------------------------------------
[INFO] BUILD FAILURE
[INFO] ------------------------------------------------------------------------
[INFO] Total time:  21.820 s
[INFO] Finished at: 2019-11-25T15:14:23Z
[INFO] ------------------------------------------------------------------------
[ERROR] Failed to execute goal org.apache.maven.plugins:maven-compiler-plugin:3.8.1:compile (default-compile) on project conference-c4p: Compilation failure
[ERROR] /workspace/source/src/main/java/com/*******/conferences/c4p/DemoApplication.java:[7,30] cannot access io.zeebe.spring.client.EnableZeebeClient
[ERROR]   bad class file: /home/jenkins/.mvnrepository/io/zeebe/spring/spring-zeebe/0.7.0/spring-zeebe-0.7.0.jar(io/zeebe/spring/client/EnableZeebeClient.class)
[ERROR]     class file has wrong version 55.0, should be 52.0
[ERROR]     Please remove or make sure it appears in the correct subdirectory of the classpath.
[ERROR] 
[ERROR] -> [Help 1]
[ERROR] 
[ERROR] To see the full stack trace of the errors, re-run Maven with the -e switch.
[ERROR] Re-run Maven using the -X switch to enable full debug logging.
[ERROR] 
[ERROR] For more information about the errors and possible solutions, please read the following articles:
[ERROR] [Help 1] http://cwiki.apache.org/confluence/display/MAVEN/MojoFailureException
[31m
Pipeline failed on stage 'from-build-pack' : container 'step-build-mvn-deploy'. The execution of the pipeline has stopped.[0m
